<?xml version="1.0" encoding="UTF-8"?>
<!-- Generated by org.testng.reporters.JUnitXMLReporter -->
<testsuite ignored="0" hostname="SPMUMLAP-0060" failures="0" tests="23" name="Default test" time="1390.225" errors="0" timestamp="2025-03-18T10:26:14 IST">
  <testcase classname="com.test.AllScenarios_EG_TC" name="RUNALL" time="0.033"/>
  <testcase classname="com.test.AllScenarios_EG_TC" name="RUNALL" time="0.002"/>
  <testcase classname="com.test.AllScenarios_EG_TC" name="RUNALL" time="0.001"/>
  <testcase classname="com.test.AllScenarios_EG_TC" name="RUNALL" time="0.002"/>
  <testcase classname="com.test.AllScenarios_EG_TC" name="RUNALL" time="0.002"/>
  <testcase classname="com.test.AllScenarios_EG_TC" name="RUNALL" time="520.148"/>
  <testcase classname="com.test.AllScenarios_EG_TC" name="RUNALL" time="868.845"/>
  <testcase classname="com.test.AllScenarios_EG_TC" name="RUNALL" time="0.003"/>
  <testcase classname="com.test.AllScenarios_EG_TC" name="RUNALL" time="0.002"/>
  <testcase classname="com.test.AllScenarios_EG_TC" name="RUNALL" time="0.001"/>
  <testcase classname="com.test.AllScenarios_EG_TC" name="RUNALL" time="0.002"/>
  <testcase classname="com.test.AllScenarios_EG_TC" name="RUNALL" time="0.001"/>
  <testcase classname="com.test.AllScenarios_EG_TC" name="RUNALL" time="0.002"/>
  <testcase classname="com.test.AllScenarios_EG_TC" name="RUNALL" time="0.003"/>
  <testcase classname="com.test.AllScenarios_EG_TC" name="RUNALL" time="0.002"/>
  <testcase classname="com.test.AllScenarios_EG_TC" name="RUNALL" time="0.002"/>
  <testcase classname="com.test.AllScenarios_EG_TC" name="RUNALL" time="0.001"/>
  <testcase classname="com.test.AllScenarios_EG_TC" name="RUNALL" time="0.002"/>
  <testcase classname="com.test.AllScenarios_EG_TC" name="RUNALL" time="0.001"/>
  <testcase classname="com.test.AllScenarios_EG_TC" name="RUNALL" time="0.002"/>
  <testcase classname="com.test.AllScenarios_EG_TC" name="RUNALL" time="0.002"/>
  <testcase classname="com.test.AllScenarios_EG_TC" name="RUNALL" time="0.002"/>
  <testcase classname="com.test.AllScenarios_EG_TC" name="RUNALL" time="0.003"/>
</testsuite> <!-- Default test -->
